<?xml version="1.0" encoding="UTF-8"?>
<testsuite xmlns:xsi="http://www.w3.org/2001/XMLSchema-instance" xsi:noNamespaceSchemaLocation="https://maven.apache.org/surefire/maven-surefire-plugin/xsd/surefire-test-report.xsd" name="TestSuite" time="4.075" tests="2" errors="0" skipped="0" failures="2">
  <properties>
    <property name="java.runtime.name" value="Java(TM) SE Runtime Environment"/>
    <property name="sun.boot.library.path" value="C:\Softwares\java8\jdk1.8.0_112\jre\bin"/>
    <property name="java.vm.version" value="25.112-b15"/>
    <property name="java.vm.vendor" value="Oracle Corporation"/>
    <property name="java.vendor.url" value="http://java.oracle.com/"/>
    <property name="path.separator" value=";"/>
    <property name="guice.disable.misplaced.annotation.check" value="true"/>
    <property name="java.vm.name" value="Java HotSpot(TM) 64-Bit Server VM"/>
    <property name="file.encoding.pkg" value="sun.io"/>
    <property name="user.script" value=""/>
    <property name="user.country" value="US"/>
    <property name="sun.java.launcher" value="SUN_STANDARD"/>
    <property name="sun.os.patch.level" value="Service Pack 1"/>
    <property name="java.vm.specification.name" value="Java Virtual Machine Specification"/>
    <property name="user.dir" value="C:\Users\irg6kor\eclipse-workspace\WebUiAutomationGit"/>
    <property name="java.runtime.version" value="1.8.0_112-b15"/>
    <property name="java.awt.graphicsenv" value="sun.awt.Win32GraphicsEnvironment"/>
    <property name="java.endorsed.dirs" value="C:\Softwares\java8\jdk1.8.0_112\jre\lib\endorsed"/>
    <property name="os.arch" value="amd64"/>
    <property name="java.io.tmpdir" value="C:\Users\irg6kor\AppData\Local\Temp\"/>
    <property name="line.separator" value="&#10;"/>
    <property name="java.vm.specification.vendor" value="Oracle Corporation"/>
    <property name="user.variant" value=""/>
    <property name="os.name" value="Windows 7"/>
    <property name="classworlds.conf" value="C:\Oracle\Middleware122130\Oracle_Home\oracle_common\modules\org.apache.maven_3.2.5\bin\m2.conf"/>
    <property name="sun.jnu.encoding" value="Cp1252"/>
    <property name="java.library.path" value="C:\Softwares\java8\jdk1.8.0_112\bin;C:\WINDOWS\Sun\Java\bin;C:\WINDOWS\system32;C:\WINDOWS;C:\oraclexe\app\oracle\product\11.2.0\server\bin;;C:\oraclexe\app\oracle\product\11.2.0\server\bin;C:\ProgramData\Oracle\Java\javapath;C:\Program Files (x86)\Intel\iCLS Client\;C:\Program Files\Intel\iCLS Client\;C:\WINDOWS\system32;C:\WINDOWS;C:\WINDOWS\System32\Wbem;C:\WINDOWS\System32\WindowsPowerShell\v1.0\;C:\WINDOWS\System32\WindowsPowerShell\v1.0\;C:\Program Files (x86)\Intel\Intel(R) Management Engine Components\DAL;C:\Program Files\Intel\Intel(R) Management Engine Components\DAL;C:\Program Files (x86)\Intel\Intel(R) Management Engine Components\IPT;C:\Program Files\Intel\Intel(R) Management Engine Components\IPT;C:\Program Files\7-Zip;C:\Softwares\java8\jdk1.8.0_112\bin;C:\Program Files\nodejs\;C:\Program Files\TortoiseSVN\bin;C:\Oracle\Middleware12212\Oracle_Home\oracle_common\modules\org.apache.maven_3.2.5\bin;C:\Program Files\7-Zip;C:\WINDOWS\System32\WindowsPowerShell\v1.0\;C:\Users\irg6kor\.dnx\bin;C:\Program Files\Microsoft DNX\Dnvm\;C:\Program Files (x86)\Windows Kits\8.1\Windows Performance Toolkit\;C:\Program Files\Microsoft SQL Server\120\Tools\Binn\;C:\Program Files\Microsoft SQL Server\130\Tools\Binn\;c:\batch;c:\tools;c:\pvcs53\vm\nt;c:\pvcs53\cb\nt;c:\peacy.sys\winnt;C:\Users\irg6kor\AppData\Roaming\npm;C:\Users\irg6kor\AppData\Local\Programs\Git\cmd;C:\Oracle\Middleware122130\Oracle_Home\oracle_common\modules\org.apache.maven_3.2.5\bin;C:\Program Files\Microsoft VS Code\bin;."/>
    <property name="java.specification.name" value="Java Platform API Specification"/>
    <property name="java.class.version" value="52.0"/>
    <property name="sun.management.compiler" value="HotSpot 64-Bit Tiered Compilers"/>
    <property name="os.version" value="6.1"/>
    <property name="user.home" value="C:\Users\irg6kor"/>
    <property name="user.timezone" value="Asia/Calcutta"/>
    <property name="java.awt.printerjob" value="sun.awt.windows.WPrinterJob"/>
    <property name="java.specification.version" value="1.8"/>
    <property name="file.encoding" value="Cp1252"/>
    <property name="user.name" value="irg6kor"/>
    <property name="java.class.path" value="C:\Oracle\Middleware122130\Oracle_Home\oracle_common\modules\org.apache.maven_3.2.5\boot\plexus-classworlds-2.5.2.jar"/>
    <property name="java.vm.specification.version" value="1.8"/>
    <property name="sun.arch.data.model" value="64"/>
    <property name="java.home" value="C:\Softwares\java8\jdk1.8.0_112\jre"/>
    <property name="sun.java.command" value="org.codehaus.plexus.classworlds.launcher.Launcher test"/>
    <property name="java.specification.vendor" value="Oracle Corporation"/>
    <property name="user.language" value="en"/>
    <property name="awt.toolkit" value="sun.awt.windows.WToolkit"/>
    <property name="java.vm.info" value="mixed mode"/>
    <property name="java.version" value="1.8.0_112"/>
    <property name="java.ext.dirs" value="C:\Softwares\java8\jdk1.8.0_112\jre\lib\ext;C:\WINDOWS\Sun\Java\lib\ext"/>
    <property name="sun.boot.class.path" value="C:\Softwares\java8\jdk1.8.0_112\jre\lib\resources.jar;C:\Softwares\java8\jdk1.8.0_112\jre\lib\rt.jar;C:\Softwares\java8\jdk1.8.0_112\jre\lib\sunrsasign.jar;C:\Softwares\java8\jdk1.8.0_112\jre\lib\jsse.jar;C:\Softwares\java8\jdk1.8.0_112\jre\lib\jce.jar;C:\Softwares\java8\jdk1.8.0_112\jre\lib\charsets.jar;C:\Softwares\java8\jdk1.8.0_112\jre\lib\jfr.jar;C:\Softwares\java8\jdk1.8.0_112\jre\classes"/>
    <property name="sun.stderr.encoding" value="cp437"/>
    <property name="java.vendor" value="Oracle Corporation"/>
    <property name="maven.home" value="C:\Oracle\Middleware122130\Oracle_Home\oracle_common\modules\org.apache.maven_3.2.5"/>
    <property name="file.separator" value="\"/>
    <property name="java.vendor.url.bug" value="http://bugreport.sun.com/bugreport/"/>
    <property name="sun.cpu.endian" value="little"/>
    <property name="sun.io.unicode.encoding" value="UnicodeLittle"/>
    <property name="sun.stdout.encoding" value="cp437"/>
    <property name="sun.desktop" value="windows"/>
    <property name="sun.cpu.isalist" value="amd64"/>
  </properties>
  <testcase name="TestCase2" classname="com.ui.web.automation.test.SampleTest" time="2.293">
    <failure type="java.lang.NullPointerException">java.lang.NullPointerException
</failure>
    <system-err><![CDATA[org.openqa.selenium.WebDriverException: java.lang.NumberFormatException: For input string: "true);user_pref("browser.startup.homepage", "http://bzo.bosch.com""
Build info: version: '3.6.0', revision: '6fbf3ec767', time: '2017-09-27T15:28:36.4Z'
System info: host: 'BMHE1084976', ip: '10.170.20.123', os.name: 'Windows 7', os.arch: 'amd64', os.version: '6.1', java.version: '1.8.0_112'
Driver info: driver.version: unknown
	at org.openqa.selenium.firefox.Preferences.preferenceAsValue(Preferences.java:203)
	at org.openqa.selenium.firefox.Preferences.readPreferences(Preferences.java:137)
	at org.openqa.selenium.firefox.Preferences.<init>(Preferences.java:71)
	at org.openqa.selenium.firefox.FirefoxProfile.<init>(FirefoxProfile.java:89)
	at org.openqa.selenium.firefox.FirefoxProfile.<init>(FirefoxProfile.java:71)
	at org.openqa.selenium.firefox.internal.ProfilesIni.getProfile(ProfilesIni.java:132)
	at com.web.ui.automation.driver.DriverFactory.getFirefoxDriver(DriverFactory.java:78)
	at com.web.ui.automation.driver.DriverFactory.createInstance(DriverFactory.java:24)
	at com.web.ui.automation.listeners.InvokedMethodListenerImpl.beforeInvocation(InvokedMethodListenerImpl.java:35)
	at org.testng.internal.invokers.InvokedMethodListenerInvoker$InvokeBeforeInvocationWithoutContextStrategy.callMethod(InvokedMethodListenerInvoker.java:84)
	at org.testng.internal.invokers.InvokedMethodListenerInvoker.invokeListener(InvokedMethodListenerInvoker.java:62)
	at org.testng.internal.Invoker.runInvokedMethodListeners(Invoker.java:566)
	at org.testng.internal.Invoker.invokeMethod(Invoker.java:644)
	at org.testng.internal.Invoker.invokeTestMethod(Invoker.java:869)
	at org.testng.internal.Invoker.invokeTestMethods(Invoker.java:1193)
	at org.testng.internal.TestMethodWorker.invokeTestMethods(TestMethodWorker.java:126)
	at org.testng.internal.TestMethodWorker.run(TestMethodWorker.java:109)
	at java.util.concurrent.ThreadPoolExecutor.runWorker(ThreadPoolExecutor.java:1142)
	at java.util.concurrent.ThreadPoolExecutor$Worker.run(ThreadPoolExecutor.java:617)
	at java.lang.Thread.run(Thread.java:745)
Caused by: java.lang.NumberFormatException: For input string: "true);user_pref("browser.startup.homepage", "http://bzo.bosch.com""
	at java.lang.NumberFormatException.forInputString(NumberFormatException.java:65)
	at java.lang.Integer.parseInt(Integer.java:580)
	at java.lang.Integer.parseInt(Integer.java:615)
	at org.openqa.selenium.firefox.Preferences.preferenceAsValue(Preferences.java:201)
	... 19 more
org.openqa.selenium.WebDriverException: java.lang.NumberFormatException: For input string: "true);user_pref("browser.startup.homepage", "http://bzo.bosch.com""
Build info: version: '3.6.0', revision: '6fbf3ec767', time: '2017-09-27T15:28:36.4Z'
System info: host: 'BMHE1084976', ip: '10.170.20.123', os.name: 'Windows 7', os.arch: 'amd64', os.version: '6.1', java.version: '1.8.0_112'
Driver info: driver.version: unknown
	at org.openqa.selenium.firefox.Preferences.preferenceAsValue(Preferences.java:203)
	at org.openqa.selenium.firefox.Preferences.readPreferences(Preferences.java:137)
	at org.openqa.selenium.firefox.Preferences.<init>(Preferences.java:71)
	at org.openqa.selenium.firefox.FirefoxProfile.<init>(FirefoxProfile.java:89)
	at org.openqa.selenium.firefox.FirefoxProfile.<init>(FirefoxProfile.java:71)
	at org.openqa.selenium.firefox.internal.ProfilesIni.getProfile(ProfilesIni.java:132)
	at com.web.ui.automation.driver.DriverFactory.getFirefoxDriver(DriverFactory.java:78)
	at com.web.ui.automation.driver.DriverFactory.createInstance(DriverFactory.java:24)
	at com.web.ui.automation.listeners.InvokedMethodListenerImpl.beforeInvocation(InvokedMethodListenerImpl.java:35)
	at org.testng.internal.invokers.InvokedMethodListenerInvoker$InvokeBeforeInvocationWithoutContextStrategy.callMethod(InvokedMethodListenerInvoker.java:84)
	at org.testng.internal.invokers.InvokedMethodListenerInvoker.invokeListener(InvokedMethodListenerInvoker.java:62)
	at org.testng.internal.Invoker.runInvokedMethodListeners(Invoker.java:566)
	at org.testng.internal.Invoker.invokeMethod(Invoker.java:644)
	at org.testng.internal.Invoker.invokeTestMethod(Invoker.java:869)
	at org.testng.internal.Invoker.invokeTestMethods(Invoker.java:1193)
	at org.testng.internal.TestMethodWorker.invokeTestMethods(TestMethodWorker.java:126)
	at org.testng.internal.TestMethodWorker.run(TestMethodWorker.java:109)
	at java.util.concurrent.ThreadPoolExecutor.runWorker(ThreadPoolExecutor.java:1142)
	at java.util.concurrent.ThreadPoolExecutor$Worker.run(ThreadPoolExecutor.java:617)
	at java.lang.Thread.run(Thread.java:745)
Caused by: java.lang.NumberFormatException: For input string: "true);user_pref("browser.startup.homepage", "http://bzo.bosch.com""
	at java.lang.NumberFormatException.forInputString(NumberFormatException.java:65)
	at java.lang.Integer.parseInt(Integer.java:580)
	at java.lang.Integer.parseInt(Integer.java:615)
	at org.openqa.selenium.firefox.Preferences.preferenceAsValue(Preferences.java:201)
	... 19 more
[DriverFactory] [ERROR] java.lang.NullPointerException
[DriverFactory] [ERROR] java.lang.NullPointerException
]]></system-err>
  </testcase>
  <testcase name="TestCase1" classname="com.ui.web.automation.test.SampleTest" time="2.294">
    <failure type="java.lang.NullPointerException">java.lang.NullPointerException
</failure>
  </testcase>
</testsuite>